<?xml version="1.0" encoding="UTF-8"?>
<robot generator="Robot 4.1.2 (Python 3.10.1 on win32)" generated="20220128 17:24:52.866" rpa="false" schemaversion="2">
<suite id="s1" name="Personagens" source="C:\project\Teste-API-Fake-Marvel-com-Robot-Framework\specs\personagens.robot">
<kw name="Setar client_key" library="base" type="SETUP">
<arg>julianasc72@gmail.com</arg>
<kw name="Create Dictionary" library="BuiltIn">
<var>&amp;{usuario}</var>
<arg>email=${email}</arg>
<doc>Creates and returns a dictionary based on the given ``items``.</doc>
<msg timestamp="20220128 17:24:53.556" level="INFO">&amp;{usuario} = { email=julianasc72@gmail.com }</msg>
<status status="PASS" starttime="20220128 17:24:53.556" endtime="20220128 17:24:53.556"/>
</kw>
<kw name="POST On Session" library="RequestsLibrary">
<var>${resposta}</var>
<arg>${baseUrl}/accounts</arg>
<arg>json=&amp;{usuario}</arg>
<doc>Sends a POST request on a previously created HTTP Session.</doc>
<msg timestamp="20220128 17:24:53.557" level="WARN">You might have an = symbol in url. You better place 'url=' before, example: 'url=/your-url/foo?param=a' or use '/your-url/foo  params=param=a' or escape it</msg>
<msg timestamp="20220128 17:24:53.572" level="FAIL">TypeError: RequestsOnSessionKeywords.post_on_session() missing 1 required positional argument: 'url'</msg>
<status status="FAIL" starttime="20220128 17:24:53.556" endtime="20220128 17:24:53.572"/>
</kw>
<kw name="Set Variable" library="BuiltIn">
<var>${client_key}</var>
<arg>${response.json()}[client_key]</arg>
<doc>Returns the given values which can then be assigned to a variables.</doc>
<status status="NOT RUN" starttime="20220128 17:24:53.572" endtime="20220128 17:24:53.573"/>
</kw>
<kw name="Create Dictionary" library="BuiltIn">
<var>&amp;{HEADERS}</var>
<arg>client_key=${client_key}</arg>
<doc>Creates and returns a dictionary based on the given ``items``.</doc>
<status status="NOT RUN" starttime="20220128 17:24:53.573" endtime="20220128 17:24:53.573"/>
</kw>
<kw name="Set Suite Variable" library="BuiltIn">
<arg>&amp;{HEADERS}</arg>
<doc>Makes a variable available everywhere within the scope of the current suite.</doc>
<status status="NOT RUN" starttime="20220128 17:24:53.573" endtime="20220128 17:24:53.573"/>
</kw>
<status status="FAIL" starttime="20220128 17:24:53.556" endtime="20220128 17:24:53.573"/>
</kw>
<test id="s1-t1" name="Cenário 01: Buscar todos os personagens">
<status status="FAIL" starttime="20220128 17:24:53.574" endtime="20220128 17:24:53.575">Parent suite setup failed:
TypeError: RequestsOnSessionKeywords.post_on_session() missing 1 required positional argument: 'url'</status>
</test>
<doc>Teste da API Fake da Marvel</doc>
<status status="FAIL" starttime="20220128 17:24:52.867" endtime="20220128 17:24:53.576">Suite setup failed:
TypeError: RequestsOnSessionKeywords.post_on_session() missing 1 required positional argument: 'url'</status>
</suite>
<statistics>
<total>
<stat pass="0" fail="1" skip="0">All Tests</stat>
</total>
<tag>
</tag>
<suite>
<stat pass="0" fail="1" skip="0" id="s1" name="Personagens">Personagens</stat>
</suite>
</statistics>
<errors>
<msg timestamp="20220128 17:24:53.557" level="WARN">You might have an = symbol in url. You better place 'url=' before, example: 'url=/your-url/foo?param=a' or use '/your-url/foo  params=param=a' or escape it</msg>
</errors>
</robot>
